SEARCH CLIMB STARTS: 2021_01_13_06_16_42.json
STARTWed Jan 13 09:53:30 2021
        NOT HILL at 0.7231km 2.15-40.4min 13.4137km 1.75865%
        NOT HILL at 24.569km 62.9333-70.3333min 3.01km 1.02658%
        NOT HILL at 44.4865km 107-113.233min 2.6045km 0.998272%
STOPWed Jan 13 09:53:30 2021
7km 36.7667-40.45min 0.5417km 9.63633%
        NOT HILL at 6.60582km 42.4167-45.6min 0.50137km 4.02896%
STOPWed Jan 13 09:42:48 2021
66km 121.417-123.833min 0.7065km 3.24133%
        NOT HILL at 52.0046km 162.867-171.717min 2.5337km 2.06812%
STOPWed Jan 13 09:42:48 2021
149.9min 2.3391km 3.91604%
    NEW HILL 3 at 68.2974km 153.033-172.033min 4.1493km 5.51418%
        NOT HILL at 75.2869km 176.95-180.583min 1.3584km 2.56184%
        NOT HILL at 91.9183km 216.2-222.483min 2.5202km 2.07126%
        NOT HILL at 96.7628km 225.75-227.85min 1.0419km 2.38027%
    NEW HILL 4 at 99.6715km 231.55-234.583min 0.5635km 5.59006%
        NOT HILL at 100.695km 235.517-243.483min 2.973km 2.55298%
        NOT HILL at 104.713km 246.4-251.5min 1.66km 4.3012%
STOPWed Jan 13 09:42:48 2021
188km 3.77795%
        NOT HILL at 84.0279km 150.133-151.033min 0.6748km 2.56372%
        NOT HILL at 85.7406km 152.15-154.45min 0.9748km 4.89331%
        NOT HILL at 87.8874km 155.85-157.467min 0.7434km 4.26419%
        NOT HILL at 90.9115km 159.767-163.333min 1.8873km 2.63339%
STOPWed Jan 13 09:42:48 2021
47 2021
km 485.517-488.983min 0.505km 6.25743%
        NOT HILL at 116.157km 490.367-494.533min 0.805km 4.36025%
    NEW HILL 7 at 118.519km 500.25-522.783min 3.867km 4.1505%
STOPWed Jan 13 09:42:47 2021
84%
    NEW HILL 3 at 100.024km 233.933-236.783min 0.742km 5.95687%
        NOT HILL at 101.462km 238.783-245.6min 1.606km 3.23786%
        NOT HILL at 105.393km 249.133-251.6min 1.04km 2.375%
    NEW HILL 4 at 108.3km 255.05-257.1min 0.531km 5.89454%
STOPWed Jan 13 09:42:47 2021
